<?xml version="1.0" encoding="UTF-8"?>
<testng-results skipped="0" failed="1" ignored="6" total="10" passed="3">
  <reporter-output>
  </reporter-output>
  <suite name="Regression Suite" duration-ms="176922" started-at="2018-09-25T11:31:48Z" finished-at="2018-09-25T11:34:45Z">
    <groups>
    </groups>
    <test name="Regression Test Suite" duration-ms="176922" started-at="2018-09-25T11:31:48Z" finished-at="2018-09-25T11:34:45Z">
      <class name="testcases.UserFillContactForumTest">
        <test-method status="FAIL" signature="UserFillForumSuccessfully()[pri:5, instance:testcases.UserFillContactForumTest@183c0a68]" name="UserFillForumSuccessfully" duration-ms="120701" started-at="2018-09-25T11:32:21Z" finished-at="2018-09-25T11:34:21Z">
          <exception class="org.openqa.selenium.NoSuchElementException">
            <message>
              <![CDATA[no such element: Unable to locate element: {"method":"link text","selector":"Contact"}
  (Session info: headless chrome=68.0.3440.106)
  (Driver info: chromedriver=2.38.552522 (437e6fbedfa8762dec75e2c5b3ddb86763dc9dcb),platform=Windows NT 10.0.16299 x86_64) (WARNING: The server did not provide any stacktrace information)
Command duration or timeout: 0 milliseconds
For documentation on this error, please visit: http://seleniumhq.org/exceptions/no_such_element.html
Build info: version: '3.13.0', revision: '2f0d292', time: '2018-06-25T15:24:21.231Z'
System info: host: 'E0363753', ip: '10.236.2.222', os.name: 'Windows 10', os.arch: 'amd64', os.version: '10.0', java.version: '1.8.0_171'
Driver info: org.openqa.selenium.chrome.ChromeDriver
Capabilities {acceptInsecureCerts: false, acceptSslCerts: false, applicationCacheEnabled: false, browserConnectionEnabled: false, browserName: chrome, chrome: {chromedriverVersion: 2.38.552522 (437e6fbedfa876..., userDataDir: C:\Users\khattabm\AppData\L...}, cssSelectorsEnabled: true, databaseEnabled: false, handlesAlerts: true, hasTouchScreen: false, javascriptEnabled: true, locationContextEnabled: true, mobileEmulationEnabled: false, nativeEvents: true, networkConnectionEnabled: false, pageLoadStrategy: normal, platform: XP, platformName: XP, rotatable: false, setWindowRect: true, takesHeapSnapshot: true, takesScreenshot: true, unexpectedAlertBehaviour: , unhandledPromptBehavior: , version: 68.0.3440.106, webStorageEnabled: true}
Session ID: de4a8c49c2992f385315376cd87e98a6
*** Element info: {Using=link text, value=Contact}]]>
            </message>
            <full-stacktrace>
              <![CDATA[org.openqa.selenium.NoSuchElementException: no such element: Unable to locate element: {"method":"link text","selector":"Contact"}
  (Session info: headless chrome=68.0.3440.106)
  (Driver info: chromedriver=2.38.552522 (437e6fbedfa8762dec75e2c5b3ddb86763dc9dcb),platform=Windows NT 10.0.16299 x86_64) (WARNING: The server did not provide any stacktrace information)
Command duration or timeout: 0 milliseconds
For documentation on this error, please visit: http://seleniumhq.org/exceptions/no_such_element.html
Build info: version: '3.13.0', revision: '2f0d292', time: '2018-06-25T15:24:21.231Z'
System info: host: 'E0363753', ip: '10.236.2.222', os.name: 'Windows 10', os.arch: 'amd64', os.version: '10.0', java.version: '1.8.0_171'
Driver info: org.openqa.selenium.chrome.ChromeDriver
Capabilities {acceptInsecureCerts: false, acceptSslCerts: false, applicationCacheEnabled: false, browserConnectionEnabled: false, browserName: chrome, chrome: {chromedriverVersion: 2.38.552522 (437e6fbedfa876..., userDataDir: C:\Users\khattabm\AppData\L...}, cssSelectorsEnabled: true, databaseEnabled: false, handlesAlerts: true, hasTouchScreen: false, javascriptEnabled: true, locationContextEnabled: true, mobileEmulationEnabled: false, nativeEvents: true, networkConnectionEnabled: false, pageLoadStrategy: normal, platform: XP, platformName: XP, rotatable: false, setWindowRect: true, takesHeapSnapshot: true, takesScreenshot: true, unexpectedAlertBehaviour: , unhandledPromptBehavior: , version: 68.0.3440.106, webStorageEnabled: true}
Session ID: de4a8c49c2992f385315376cd87e98a6
*** Element info: {Using=link text, value=Contact}
at sun.reflect.NativeConstructorAccessorImpl.newInstance0(Native Method)
at sun.reflect.NativeConstructorAccessorImpl.newInstance(NativeConstructorAccessorImpl.java:62)
at sun.reflect.DelegatingConstructorAccessorImpl.newInstance(DelegatingConstructorAccessorImpl.java:45)
at java.lang.reflect.Constructor.newInstance(Constructor.java:423)
at org.openqa.selenium.remote.ErrorHandler.createThrowable(ErrorHandler.java:214)
at org.openqa.selenium.remote.ErrorHandler.throwIfResponseFailed(ErrorHandler.java:166)
at org.openqa.selenium.remote.http.JsonHttpResponseCodec.reconstructValue(JsonHttpResponseCodec.java:40)
at org.openqa.selenium.remote.http.AbstractHttpResponseCodec.decode(AbstractHttpResponseCodec.java:80)
at org.openqa.selenium.remote.http.AbstractHttpResponseCodec.decode(AbstractHttpResponseCodec.java:44)
at org.openqa.selenium.remote.HttpCommandExecutor.execute(HttpCommandExecutor.java:158)
at org.openqa.selenium.remote.service.DriverCommandExecutor.execute(DriverCommandExecutor.java:83)
at org.openqa.selenium.remote.RemoteWebDriver.execute(RemoteWebDriver.java:548)
at org.openqa.selenium.remote.RemoteWebDriver.findElement(RemoteWebDriver.java:322)
at org.openqa.selenium.remote.RemoteWebDriver.findElementByLinkText(RemoteWebDriver.java:376)
at org.openqa.selenium.By$ByLinkText.findElement(By.java:220)
at org.openqa.selenium.remote.RemoteWebDriver.findElement(RemoteWebDriver.java:314)
at pom.HomePage.clickOnContactLink(HomePage.java:29)
at testcases.UserFillContactForumTest.UserFillForumSuccessfully(UserFillContactForumTest.java:38)
at sun.reflect.NativeMethodAccessorImpl.invoke0(Native Method)
at sun.reflect.NativeMethodAccessorImpl.invoke(NativeMethodAccessorImpl.java:62)
at sun.reflect.DelegatingMethodAccessorImpl.invoke(DelegatingMethodAccessorImpl.java:43)
at java.lang.reflect.Method.invoke(Method.java:498)
at org.testng.internal.MethodInvocationHelper.invokeMethod(MethodInvocationHelper.java:124)
at org.testng.internal.Invoker.invokeMethod(Invoker.java:583)
at org.testng.internal.Invoker.invokeTestMethod(Invoker.java:719)
at org.testng.internal.Invoker.invokeTestMethods(Invoker.java:989)
at org.testng.internal.TestMethodWorker.invokeTestMethods(TestMethodWorker.java:125)
at org.testng.internal.TestMethodWorker.run(TestMethodWorker.java:109)
at org.testng.TestRunner.privateRun(TestRunner.java:648)
at org.testng.TestRunner.run(TestRunner.java:505)
at org.testng.SuiteRunner.runTest(SuiteRunner.java:455)
at org.testng.SuiteRunner.runSequentially(SuiteRunner.java:450)
at org.testng.SuiteRunner.privateRun(SuiteRunner.java:415)
at org.testng.SuiteRunner.run(SuiteRunner.java:364)
at org.testng.SuiteRunnerWorker.runSuite(SuiteRunnerWorker.java:52)
at org.testng.SuiteRunnerWorker.run(SuiteRunnerWorker.java:84)
at org.testng.TestNG.runSuitesSequentially(TestNG.java:1208)
at org.testng.TestNG.runSuitesLocally(TestNG.java:1137)
at org.testng.TestNG.runSuites(TestNG.java:1049)
at org.testng.TestNG.run(TestNG.java:1017)
at org.apache.maven.surefire.testng.TestNGExecutor.run(TestNGExecutor.java:283)
at org.apache.maven.surefire.testng.TestNGXmlTestSuite.execute(TestNGXmlTestSuite.java:75)
at org.apache.maven.surefire.testng.TestNGProvider.invoke(TestNGProvider.java:120)
at org.apache.maven.surefire.booter.ForkedBooter.invokeProviderInSameClassLoader(ForkedBooter.java:383)
at org.apache.maven.surefire.booter.ForkedBooter.runSuitesInProcess(ForkedBooter.java:344)
at org.apache.maven.surefire.booter.ForkedBooter.execute(ForkedBooter.java:125)
at org.apache.maven.surefire.booter.ForkedBooter.main(ForkedBooter.java:417)
]]>
            </full-stacktrace>
          </exception> <!-- org.openqa.selenium.NoSuchElementException -->
          <reporter-output>
          </reporter-output>
        </test-method> <!-- UserFillForumSuccessfully -->
        <test-method status="PASS" signature="screenShotOnFailure(org.testng.ITestResult)[pri:0, instance:testcases.UserFillContactForumTest@183c0a68]" name="screenShotOnFailure" is-config="true" duration-ms="1675" started-at="2018-09-25T11:34:21Z" finished-at="2018-09-25T11:34:23Z">
          <params>
            <param index="0">
              <value>
                <![CDATA[[TestResult name=UserFillForumSuccessfully status=FAILURE method=UserFillContactForumTest.UserFillForumSuccessfully()[pri:5, instance:testcases.UserFillContactForumTest@183c0a68] output={null}]]]>
              </value>
            </param>
          </params>
          <reporter-output>
          </reporter-output>
        </test-method> <!-- screenShotOnFailure -->
      </class> <!-- testcases.UserFillContactForumTest -->
      <class name="testcases.UserSubscribeNewsletterTest">
        <test-method status="PASS" signature="UserSearchSuccessfully()[pri:4, instance:testcases.UserSubscribeNewsletterTest@2b497998]" name="UserSearchSuccessfully" duration-ms="1475" started-at="2018-09-25T11:32:17Z" finished-at="2018-09-25T11:32:19Z">
          <reporter-output>
          </reporter-output>
        </test-method> <!-- UserSearchSuccessfully -->
        <test-method status="PASS" signature="screenShotOnFailure(org.testng.ITestResult)[pri:0, instance:testcases.UserSubscribeNewsletterTest@2b497998]" name="screenShotOnFailure" is-config="true" duration-ms="1650" started-at="2018-09-25T11:32:19Z" finished-at="2018-09-25T11:32:21Z">
          <params>
            <param index="0">
              <value>
                <![CDATA[[TestResult name=UserSearchSuccessfully status=SUCCESS method=UserSubscribeNewsletterTest.UserSearchSuccessfully()[pri:4, instance:testcases.UserSubscribeNewsletterTest@2b497998] output={null}]]]>
              </value>
            </param>
          </params>
          <reporter-output>
          </reporter-output>
        </test-method> <!-- screenShotOnFailure -->
      </class> <!-- testcases.UserSubscribeNewsletterTest -->
      <class name="testcases.ValidateLinksTest">
        <test-method status="PASS" signature="validateAllLink()[pri:6, instance:testcases.ValidateLinksTest@79adc343]" name="validateAllLink" duration-ms="19930" started-at="2018-09-25T11:34:23Z" finished-at="2018-09-25T11:34:43Z">
          <reporter-output>
          </reporter-output>
        </test-method> <!-- validateAllLink -->
        <test-method status="PASS" signature="screenShotOnFailure(org.testng.ITestResult)[pri:0, instance:testcases.ValidateLinksTest@79adc343]" name="screenShotOnFailure" is-config="true" duration-ms="1693" started-at="2018-09-25T11:34:43Z" finished-at="2018-09-25T11:34:45Z">
          <params>
            <param index="0">
              <value>
                <![CDATA[[TestResult name=validateAllLink status=SUCCESS method=ValidateLinksTest.validateAllLink()[pri:6, instance:testcases.ValidateLinksTest@79adc343] output={null}]]]>
              </value>
            </param>
          </params>
          <reporter-output>
          </reporter-output>
        </test-method> <!-- screenShotOnFailure -->
      </class> <!-- testcases.ValidateLinksTest -->
      <class name="testcases.ChangeLanguageTest">
        <test-method status="PASS" signature="startDriver(java.lang.String)[pri:0, instance:testcases.ChangeLanguageTest@568aea48]" name="startDriver" is-config="true" duration-ms="23550" started-at="2018-09-25T11:31:48Z" finished-at="2018-09-25T11:32:12Z">
          <params>
            <param index="0">
              <value>
                <![CDATA[chrome-headless]]>
              </value>
            </param>
          </params>
          <reporter-output>
          </reporter-output>
        </test-method> <!-- startDriver -->
        <test-method status="PASS" signature="ChangeLanguage()[pri:1, instance:testcases.ChangeLanguageTest@568aea48]" name="ChangeLanguage" duration-ms="3388" started-at="2018-09-25T11:32:12Z" finished-at="2018-09-25T11:32:15Z">
          <reporter-output>
          </reporter-output>
        </test-method> <!-- ChangeLanguage -->
        <test-method status="PASS" signature="screenShotOnFailure(org.testng.ITestResult)[pri:0, instance:testcases.ChangeLanguageTest@568aea48]" name="screenShotOnFailure" is-config="true" duration-ms="2205" started-at="2018-09-25T11:32:15Z" finished-at="2018-09-25T11:32:17Z">
          <params>
            <param index="0">
              <value>
                <![CDATA[[TestResult name=ChangeLanguage status=SUCCESS method=ChangeLanguageTest.ChangeLanguage()[pri:1, instance:testcases.ChangeLanguageTest@568aea48] output={null}]]]>
              </value>
            </param>
          </params>
          <reporter-output>
          </reporter-output>
        </test-method> <!-- screenShotOnFailure -->
        <test-method status="PASS" signature="exitDriver()[pri:0, instance:testcases.ChangeLanguageTest@568aea48]" name="exitDriver" is-config="true" duration-ms="604" started-at="2018-09-25T11:34:45Z" finished-at="2018-09-25T11:34:45Z">
          <reporter-output>
          </reporter-output>
        </test-method> <!-- exitDriver -->
      </class> <!-- testcases.ChangeLanguageTest -->
    </test> <!-- Regression Test Suite -->
  </suite> <!-- Regression Suite -->
</testng-results>
